Performing C++ SOURCE FILE Test COMPILER_SUPPORT_Wshorten64to32 failed with the following output:
Change Dir: /home/s/segureta/Documents/M2-S1/Outils_info/Tp2.build/Eigen-prefix/src/Eigen-build/CMakeFiles/CMakeTmp

Run Build Command:/usr/bin/make "cmTryCompileExec2674462345/fast"
make[3]: Entering directory `/home/s/segureta/Documents/M2-S1/Outils_info/Tp2.build/Eigen-prefix/src/Eigen-build/CMakeFiles/CMakeTmp'
/usr/bin/make -f CMakeFiles/cmTryCompileExec2674462345.dir/build.make CMakeFiles/cmTryCompileExec2674462345.dir/build
make[4]: Entering directory `/home/s/segureta/Documents/M2-S1/Outils_info/Tp2.build/Eigen-prefix/src/Eigen-build/CMakeFiles/CMakeTmp'
/usr/bin/cmake -E cmake_progress_report /home/s/segureta/Documents/M2-S1/Outils_info/Tp2.build/Eigen-prefix/src/Eigen-build/CMakeFiles/CMakeTmp/CMakeFiles 1
Building CXX object CMakeFiles/cmTryCompileExec2674462345.dir/src.cxx.o
/usr/bin/c++    -pedantic -Wall -Wextra -Wundef -Wcast-align -Wchar-subscripts -Wnon-virtual-dtor -Wunused-local-typedefs -Wpointer-arith -Wwrite-strings -Wformat-security -DCOMPILER_SUPPORT_Wshorten64to32 -Werror   -Wshorten-64-to-32 -o CMakeFiles/cmTryCompileExec2674462345.dir/src.cxx.o -c /home/s/segureta/Documents/M2-S1/Outils_info/Tp2.build/Eigen-prefix/src/Eigen-build/CMakeFiles/CMakeTmp/src.cxx
c++: error: unrecognized command line option '-Wshorten-64-to-32'
make[4]: Leaving directory `/home/s/segureta/Documents/M2-S1/Outils_info/Tp2.build/Eigen-prefix/src/Eigen-build/CMakeFiles/CMakeTmp'
make[4]: *** [CMakeFiles/cmTryCompileExec2674462345.dir/src.cxx.o] Error 1
make[3]: *** [cmTryCompileExec2674462345/fast] Error 2
make[3]: Leaving directory `/home/s/segureta/Documents/M2-S1/Outils_info/Tp2.build/Eigen-prefix/src/Eigen-build/CMakeFiles/CMakeTmp'

Source file was:
int main() { return 0;}
Performing C++ SOURCE FILE Test COMPILER_SUPPORT_Wenumconversion failed with the following output:
Change Dir: /home/s/segureta/Documents/M2-S1/Outils_info/Tp2.build/Eigen-prefix/src/Eigen-build/CMakeFiles/CMakeTmp

Run Build Command:/usr/bin/make "cmTryCompileExec2257433447/fast"
make[3]: Entering directory `/home/s/segureta/Documents/M2-S1/Outils_info/Tp2.build/Eigen-prefix/src/Eigen-build/CMakeFiles/CMakeTmp'
/usr/bin/make -f CMakeFiles/cmTryCompileExec2257433447.dir/build.make CMakeFiles/cmTryCompileExec2257433447.dir/build
make[4]: Entering directory `/home/s/segureta/Documents/M2-S1/Outils_info/Tp2.build/Eigen-prefix/src/Eigen-build/CMakeFiles/CMakeTmp'
/usr/bin/cmake -E cmake_progress_report /home/s/segureta/Documents/M2-S1/Outils_info/Tp2.build/Eigen-prefix/src/Eigen-build/CMakeFiles/CMakeTmp/CMakeFiles 1
Building CXX object CMakeFiles/cmTryCompileExec2257433447.dir/src.cxx.o
/usr/bin/c++    -pedantic -Wall -Wextra -Wundef -Wcast-align -Wchar-subscripts -Wnon-virtual-dtor -Wunused-local-typedefs -Wpointer-arith -Wwrite-strings -Wformat-security -DCOMPILER_SUPPORT_Wenumconversion -Werror   -Wenum-conversion -o CMakeFiles/cmTryCompileExec2257433447.dir/src.cxx.o -c /home/s/segureta/Documents/M2-S1/Outils_info/Tp2.build/Eigen-prefix/src/Eigen-build/CMakeFiles/CMakeTmp/src.cxx
c++: error: unrecognized command line option '-Wenum-conversion'
make[4]: *** [CMakeFiles/cmTryCompileExec2257433447.dir/src.cxx.o] Error 1
make[4]: Leaving directory `/home/s/segureta/Documents/M2-S1/Outils_info/Tp2.build/Eigen-prefix/src/Eigen-build/CMakeFiles/CMakeTmp'
make[3]: *** [cmTryCompileExec2257433447/fast] Error 2
make[3]: Leaving directory `/home/s/segureta/Documents/M2-S1/Outils_info/Tp2.build/Eigen-prefix/src/Eigen-build/CMakeFiles/CMakeTmp'

Source file was:
int main() { return 0;}
Performing C++ SOURCE FILE Test COMPILER_SUPPORT_Wcpp11extensions failed with the following output:
Change Dir: /home/s/segureta/Documents/M2-S1/Outils_info/Tp2.build/Eigen-prefix/src/Eigen-build/CMakeFiles/CMakeTmp

Run Build Command:/usr/bin/make "cmTryCompileExec2869616560/fast"
make[3]: Entering directory `/home/s/segureta/Documents/M2-S1/Outils_info/Tp2.build/Eigen-prefix/src/Eigen-build/CMakeFiles/CMakeTmp'
/usr/bin/make -f CMakeFiles/cmTryCompileExec2869616560.dir/build.make CMakeFiles/cmTryCompileExec2869616560.dir/build
make[4]: Entering directory `/home/s/segureta/Documents/M2-S1/Outils_info/Tp2.build/Eigen-prefix/src/Eigen-build/CMakeFiles/CMakeTmp'
/usr/bin/cmake -E cmake_progress_report /home/s/segureta/Documents/M2-S1/Outils_info/Tp2.build/Eigen-prefix/src/Eigen-build/CMakeFiles/CMakeTmp/CMakeFiles 1
Building CXX object CMakeFiles/cmTryCompileExec2869616560.dir/src.cxx.o
/usr/bin/c++    -pedantic -Wall -Wextra -Wundef -Wcast-align -Wchar-subscripts -Wnon-virtual-dtor -Wunused-local-typedefs -Wpointer-arith -Wwrite-strings -Wformat-security -DCOMPILER_SUPPORT_Wcpp11extensions -Werror   -Wc++11-extensions -o CMakeFiles/cmTryCompileExec2869616560.dir/src.cxx.o -c /home/s/segureta/Documents/M2-S1/Outils_info/Tp2.build/Eigen-prefix/src/Eigen-build/CMakeFiles/CMakeTmp/src.cxx
c++: error: unrecognized command line option '-Wc++11-extensions'
make[4]: *** [CMakeFiles/cmTryCompileExec2869616560.dir/src.cxx.o] Error 1
make[4]: Leaving directory `/home/s/segureta/Documents/M2-S1/Outils_info/Tp2.build/Eigen-prefix/src/Eigen-build/CMakeFiles/CMakeTmp'
make[3]: *** [cmTryCompileExec2869616560/fast] Error 2
make[3]: Leaving directory `/home/s/segureta/Documents/M2-S1/Outils_info/Tp2.build/Eigen-prefix/src/Eigen-build/CMakeFiles/CMakeTmp'

Source file was:
int main() { return 0;}
Performing C++ SOURCE FILE Test COMPILER_SUPPORT_Wshorten64to32 failed with the following output:
Change Dir: /home/s/segureta/Documents/M2-S1/Outils_info/Tp2.build/Eigen-prefix/src/Eigen-build/CMakeFiles/CMakeTmp

Run Build Command:/usr/bin/make "cmTryCompileExec3851165959/fast"
make[3]: Entering directory `/home/s/segureta/Documents/M2-S1/Outils_info/Tp2.build/Eigen-prefix/src/Eigen-build/CMakeFiles/CMakeTmp'
/usr/bin/make -f CMakeFiles/cmTryCompileExec3851165959.dir/build.make CMakeFiles/cmTryCompileExec3851165959.dir/build
make[4]: Entering directory `/home/s/segureta/Documents/M2-S1/Outils_info/Tp2.build/Eigen-prefix/src/Eigen-build/CMakeFiles/CMakeTmp'
/usr/bin/cmake -E cmake_progress_report /home/s/segureta/Documents/M2-S1/Outils_info/Tp2.build/Eigen-prefix/src/Eigen-build/CMakeFiles/CMakeTmp/CMakeFiles 1
Building CXX object CMakeFiles/cmTryCompileExec3851165959.dir/src.cxx.o
/usr/bin/c++    -pedantic -Wall -Wextra -Wundef -Wcast-align -Wchar-subscripts -Wnon-virtual-dtor -Wunused-local-typedefs -Wpointer-arith -Wwrite-strings -Wformat-security -DCOMPILER_SUPPORT_Wshorten64to32 -Werror   -Wshorten-64-to-32 -o CMakeFiles/cmTryCompileExec3851165959.dir/src.cxx.o -c /home/s/segureta/Documents/M2-S1/Outils_info/Tp2.build/Eigen-prefix/src/Eigen-build/CMakeFiles/CMakeTmp/src.cxx
c++: error: unrecognized command line option '-Wshorten-64-to-32'
make[4]: *** [CMakeFiles/cmTryCompileExec3851165959.dir/src.cxx.o] Error 1
make[4]: Leaving directory `/home/s/segureta/Documents/M2-S1/Outils_info/Tp2.build/Eigen-prefix/src/Eigen-build/CMakeFiles/CMakeTmp'
make[3]: *** [cmTryCompileExec3851165959/fast] Error 2
make[3]: Leaving directory `/home/s/segureta/Documents/M2-S1/Outils_info/Tp2.build/Eigen-prefix/src/Eigen-build/CMakeFiles/CMakeTmp'

Source file was:
int main() { return 0;}
Performing C++ SOURCE FILE Test COMPILER_SUPPORT_Wenumconversion failed with the following output:
Change Dir: /home/s/segureta/Documents/M2-S1/Outils_info/Tp2.build/Eigen-prefix/src/Eigen-build/CMakeFiles/CMakeTmp

Run Build Command:/usr/bin/make "cmTryCompileExec528047597/fast"
make[3]: Entering directory `/home/s/segureta/Documents/M2-S1/Outils_info/Tp2.build/Eigen-prefix/src/Eigen-build/CMakeFiles/CMakeTmp'
/usr/bin/make -f CMakeFiles/cmTryCompileExec528047597.dir/build.make CMakeFiles/cmTryCompileExec528047597.dir/build
make[4]: Entering directory `/home/s/segureta/Documents/M2-S1/Outils_info/Tp2.build/Eigen-prefix/src/Eigen-build/CMakeFiles/CMakeTmp'
/usr/bin/cmake -E cmake_progress_report /home/s/segureta/Documents/M2-S1/Outils_info/Tp2.build/Eigen-prefix/src/Eigen-build/CMakeFiles/CMakeTmp/CMakeFiles 1
Building CXX object CMakeFiles/cmTryCompileExec528047597.dir/src.cxx.o
/usr/bin/c++    -pedantic -Wall -Wextra -Wundef -Wcast-align -Wchar-subscripts -Wnon-virtual-dtor -Wunused-local-typedefs -Wpointer-arith -Wwrite-strings -Wformat-security -DCOMPILER_SUPPORT_Wenumconversion -Werror   -Wenum-conversion -o CMakeFiles/cmTryCompileExec528047597.dir/src.cxx.o -c /home/s/segureta/Documents/M2-S1/Outils_info/Tp2.build/Eigen-prefix/src/Eigen-build/CMakeFiles/CMakeTmp/src.cxx
c++: error: unrecognized command line option '-Wenum-conversion'
make[4]: *** [CMakeFiles/cmTryCompileExec528047597.dir/src.cxx.o] Error 1
make[4]: Leaving directory `/home/s/segureta/Documents/M2-S1/Outils_info/Tp2.build/Eigen-prefix/src/Eigen-build/CMakeFiles/CMakeTmp'
make[3]: *** [cmTryCompileExec528047597/fast] Error 2
make[3]: Leaving directory `/home/s/segureta/Documents/M2-S1/Outils_info/Tp2.build/Eigen-prefix/src/Eigen-build/CMakeFiles/CMakeTmp'

Source file was:
int main() { return 0;}
Performing C++ SOURCE FILE Test COMPILER_SUPPORT_Wcpp11extensions failed with the following output:
Change Dir: /home/s/segureta/Documents/M2-S1/Outils_info/Tp2.build/Eigen-prefix/src/Eigen-build/CMakeFiles/CMakeTmp

Run Build Command:/usr/bin/make "cmTryCompileExec2575217037/fast"
make[3]: Entering directory `/home/s/segureta/Documents/M2-S1/Outils_info/Tp2.build/Eigen-prefix/src/Eigen-build/CMakeFiles/CMakeTmp'
/usr/bin/make -f CMakeFiles/cmTryCompileExec2575217037.dir/build.make CMakeFiles/cmTryCompileExec2575217037.dir/build
make[4]: Entering directory `/home/s/segureta/Documents/M2-S1/Outils_info/Tp2.build/Eigen-prefix/src/Eigen-build/CMakeFiles/CMakeTmp'
/usr/bin/cmake -E cmake_progress_report /home/s/segureta/Documents/M2-S1/Outils_info/Tp2.build/Eigen-prefix/src/Eigen-build/CMakeFiles/CMakeTmp/CMakeFiles 1
Building CXX object CMakeFiles/cmTryCompileExec2575217037.dir/src.cxx.o
/usr/bin/c++    -pedantic -Wall -Wextra -Wundef -Wcast-align -Wchar-subscripts -Wnon-virtual-dtor -Wunused-local-typedefs -Wpointer-arith -Wwrite-strings -Wformat-security -DCOMPILER_SUPPORT_Wcpp11extensions -Werror   -Wc++11-extensions -o CMakeFiles/cmTryCompileExec2575217037.dir/src.cxx.o -c /home/s/segureta/Documents/M2-S1/Outils_info/Tp2.build/Eigen-prefix/src/Eigen-build/CMakeFiles/CMakeTmp/src.cxx
c++: error: unrecognized command line option '-Wc++11-extensions'
make[4]: *** [CMakeFiles/cmTryCompileExec2575217037.dir/src.cxx.o] Error 1
make[4]: Leaving directory `/home/s/segureta/Documents/M2-S1/Outils_info/Tp2.build/Eigen-prefix/src/Eigen-build/CMakeFiles/CMakeTmp'
make[3]: *** [cmTryCompileExec2575217037/fast] Error 2
make[3]: Leaving directory `/home/s/segureta/Documents/M2-S1/Outils_info/Tp2.build/Eigen-prefix/src/Eigen-build/CMakeFiles/CMakeTmp'

Source file was:
int main() { return 0;}
Performing C++ SOURCE FILE Test COMPILER_SUPPORT_wd981 failed with the following output:
Change Dir: /home/s/segureta/Documents/M2-S1/Outils_info/Tp2.build/Eigen-prefix/src/Eigen-build/CMakeFiles/CMakeTmp

Run Build Command:/usr/bin/make "cmTryCompileExec4168709010/fast"
make[3]: Entering directory `/home/s/segureta/Documents/M2-S1/Outils_info/Tp2.build/Eigen-prefix/src/Eigen-build/CMakeFiles/CMakeTmp'
/usr/bin/make -f CMakeFiles/cmTryCompileExec4168709010.dir/build.make CMakeFiles/cmTryCompileExec4168709010.dir/build
make[4]: Entering directory `/home/s/segureta/Documents/M2-S1/Outils_info/Tp2.build/Eigen-prefix/src/Eigen-build/CMakeFiles/CMakeTmp'
/usr/bin/cmake -E cmake_progress_report /home/s/segureta/Documents/M2-S1/Outils_info/Tp2.build/Eigen-prefix/src/Eigen-build/CMakeFiles/CMakeTmp/CMakeFiles 1
Building CXX object CMakeFiles/cmTryCompileExec4168709010.dir/src.cxx.o
/usr/bin/c++    -pedantic -Wall -Wextra -Wundef -Wcast-align -Wchar-subscripts -Wnon-virtual-dtor -Wunused-local-typedefs -Wpointer-arith -Wwrite-strings -Wformat-security -Wno-psabi -Wno-variadic-macros -Wno-long-long -fno-check-new -fno-common -fstrict-aliasing -DCOMPILER_SUPPORT_wd981 -Werror   -wd981 -o CMakeFiles/cmTryCompileExec4168709010.dir/src.cxx.o -c /home/s/segureta/Documents/M2-S1/Outils_info/Tp2.build/Eigen-prefix/src/Eigen-build/CMakeFiles/CMakeTmp/src.cxx
c++: error: unrecognized command line option '-wd981'
make[4]: *** [CMakeFiles/cmTryCompileExec4168709010.dir/src.cxx.o] Error 1
make[4]: Leaving directory `/home/s/segureta/Documents/M2-S1/Outils_info/Tp2.build/Eigen-prefix/src/Eigen-build/CMakeFiles/CMakeTmp'
make[3]: *** [cmTryCompileExec4168709010/fast] Error 2
make[3]: Leaving directory `/home/s/segureta/Documents/M2-S1/Outils_info/Tp2.build/Eigen-prefix/src/Eigen-build/CMakeFiles/CMakeTmp'

Source file was:
int main() { return 0;}
Performing C++ SOURCE FILE Test COMPILER_SUPPORT_wd2304 failed with the following output:
Change Dir: /home/s/segureta/Documents/M2-S1/Outils_info/Tp2.build/Eigen-prefix/src/Eigen-build/CMakeFiles/CMakeTmp

Run Build Command:/usr/bin/make "cmTryCompileExec2128083057/fast"
make[3]: Entering directory `/home/s/segureta/Documents/M2-S1/Outils_info/Tp2.build/Eigen-prefix/src/Eigen-build/CMakeFiles/CMakeTmp'
/usr/bin/make -f CMakeFiles/cmTryCompileExec2128083057.dir/build.make CMakeFiles/cmTryCompileExec2128083057.dir/build
make[4]: Entering directory `/home/s/segureta/Documents/M2-S1/Outils_info/Tp2.build/Eigen-prefix/src/Eigen-build/CMakeFiles/CMakeTmp'
/usr/bin/cmake -E cmake_progress_report /home/s/segureta/Documents/M2-S1/Outils_info/Tp2.build/Eigen-prefix/src/Eigen-build/CMakeFiles/CMakeTmp/CMakeFiles 1
Building CXX object CMakeFiles/cmTryCompileExec2128083057.dir/src.cxx.o
/usr/bin/c++    -pedantic -Wall -Wextra -Wundef -Wcast-align -Wchar-subscripts -Wnon-virtual-dtor -Wunused-local-typedefs -Wpointer-arith -Wwrite-strings -Wformat-security -Wno-psabi -Wno-variadic-macros -Wno-long-long -fno-check-new -fno-common -fstrict-aliasing -DCOMPILER_SUPPORT_wd2304 -Werror   -wd2304 -o CMakeFiles/cmTryCompileExec2128083057.dir/src.cxx.o -c /home/s/segureta/Documents/M2-S1/Outils_info/Tp2.build/Eigen-prefix/src/Eigen-build/CMakeFiles/CMakeTmp/src.cxx
c++: error: unrecognized command line option '-wd2304'
make[4]: *** [CMakeFiles/cmTryCompileExec2128083057.dir/src.cxx.o] Error 1
make[4]: Leaving directory `/home/s/segureta/Documents/M2-S1/Outils_info/Tp2.build/Eigen-prefix/src/Eigen-build/CMakeFiles/CMakeTmp'
make[3]: *** [cmTryCompileExec2128083057/fast] Error 2
make[3]: Leaving directory `/home/s/segureta/Documents/M2-S1/Outils_info/Tp2.build/Eigen-prefix/src/Eigen-build/CMakeFiles/CMakeTmp'

Source file was:
int main() { return 0;}
Performing C++ SOURCE FILE Test COMPILER_SUPPORT_STRICTANSI failed with the following output:
Change Dir: /home/s/segureta/Documents/M2-S1/Outils_info/Tp2.build/Eigen-prefix/src/Eigen-build/CMakeFiles/CMakeTmp

Run Build Command:/usr/bin/make "cmTryCompileExec3365450402/fast"
make[3]: Entering directory `/home/s/segureta/Documents/M2-S1/Outils_info/Tp2.build/Eigen-prefix/src/Eigen-build/CMakeFiles/CMakeTmp'
/usr/bin/make -f CMakeFiles/cmTryCompileExec3365450402.dir/build.make CMakeFiles/cmTryCompileExec3365450402.dir/build
make[4]: Entering directory `/home/s/segureta/Documents/M2-S1/Outils_info/Tp2.build/Eigen-prefix/src/Eigen-build/CMakeFiles/CMakeTmp'
/usr/bin/cmake -E cmake_progress_report /home/s/segureta/Documents/M2-S1/Outils_info/Tp2.build/Eigen-prefix/src/Eigen-build/CMakeFiles/CMakeTmp/CMakeFiles 1
Building CXX object CMakeFiles/cmTryCompileExec3365450402.dir/src.cxx.o
/usr/bin/c++    -pedantic -Wall -Wextra -Wundef -Wcast-align -Wchar-subscripts -Wnon-virtual-dtor -Wunused-local-typedefs -Wpointer-arith -Wwrite-strings -Wformat-security -Wno-psabi -Wno-variadic-macros -Wno-long-long -fno-check-new -fno-common -fstrict-aliasing -DCOMPILER_SUPPORT_STRICTANSI -Werror   -strict-ansi -o CMakeFiles/cmTryCompileExec3365450402.dir/src.cxx.o -c /home/s/segureta/Documents/M2-S1/Outils_info/Tp2.build/Eigen-prefix/src/Eigen-build/CMakeFiles/CMakeTmp/src.cxx
c++: error: unrecognized command line option '-strict-ansi'
make[4]: *** [CMakeFiles/cmTryCompileExec3365450402.dir/src.cxx.o] Error 1
make[4]: Leaving directory `/home/s/segureta/Documents/M2-S1/Outils_info/Tp2.build/Eigen-prefix/src/Eigen-build/CMakeFiles/CMakeTmp'
make[3]: *** [cmTryCompileExec3365450402/fast] Error 2
make[3]: Leaving directory `/home/s/segureta/Documents/M2-S1/Outils_info/Tp2.build/Eigen-prefix/src/Eigen-build/CMakeFiles/CMakeTmp'

Source file was:
int main() { return 0;}
Performing C++ SOURCE FILE Test COMPILER_SUPPORT_Qunusedarguments failed with the following output:
Change Dir: /home/s/segureta/Documents/M2-S1/Outils_info/Tp2.build/Eigen-prefix/src/Eigen-build/CMakeFiles/CMakeTmp

Run Build Command:/usr/bin/make "cmTryCompileExec4119238812/fast"
make[3]: Entering directory `/home/s/segureta/Documents/M2-S1/Outils_info/Tp2.build/Eigen-prefix/src/Eigen-build/CMakeFiles/CMakeTmp'
/usr/bin/make -f CMakeFiles/cmTryCompileExec4119238812.dir/build.make CMakeFiles/cmTryCompileExec4119238812.dir/build
make[4]: Entering directory `/home/s/segureta/Documents/M2-S1/Outils_info/Tp2.build/Eigen-prefix/src/Eigen-build/CMakeFiles/CMakeTmp'
/usr/bin/cmake -E cmake_progress_report /home/s/segureta/Documents/M2-S1/Outils_info/Tp2.build/Eigen-prefix/src/Eigen-build/CMakeFiles/CMakeTmp/CMakeFiles 1
Building CXX object CMakeFiles/cmTryCompileExec4119238812.dir/src.cxx.o
/usr/bin/c++    -pedantic -Wall -Wextra -Wundef -Wcast-align -Wchar-subscripts -Wnon-virtual-dtor -Wunused-local-typedefs -Wpointer-arith -Wwrite-strings -Wformat-security -Wno-psabi -Wno-variadic-macros -Wno-long-long -fno-check-new -fno-common -fstrict-aliasing -DCOMPILER_SUPPORT_Qunusedarguments -Werror   -Qunused-arguments -o CMakeFiles/cmTryCompileExec4119238812.dir/src.cxx.o -c /home/s/segureta/Documents/M2-S1/Outils_info/Tp2.build/Eigen-prefix/src/Eigen-build/CMakeFiles/CMakeTmp/src.cxx
c++: error: unrecognized command line option '-Qunused-arguments'
make[4]: *** [CMakeFiles/cmTryCompileExec4119238812.dir/src.cxx.o] Error 1
make[4]: Leaving directory `/home/s/segureta/Documents/M2-S1/Outils_info/Tp2.build/Eigen-prefix/src/Eigen-build/CMakeFiles/CMakeTmp'
make[3]: *** [cmTryCompileExec4119238812/fast] Error 2
make[3]: Leaving directory `/home/s/segureta/Documents/M2-S1/Outils_info/Tp2.build/Eigen-prefix/src/Eigen-build/CMakeFiles/CMakeTmp'

Source file was:
int main() { return 0;}
Determining if the Q_WS_WIN exist failed with the following output:
Change Dir: /home/s/segureta/Documents/M2-S1/Outils_info/Tp2.build/Eigen-prefix/src/Eigen-build/CMakeFiles/CMakeTmp

Run Build Command:/usr/bin/make "cmTryCompileExec725621003/fast"
make[3]: entrant dans le répertoire « /home/s/segureta/Documents/M2-S1/Outils_info/Tp2.build/Eigen-prefix/src/Eigen-build/CMakeFiles/CMakeTmp »
/usr/bin/make -f CMakeFiles/cmTryCompileExec725621003.dir/build.make CMakeFiles/cmTryCompileExec725621003.dir/build
make[4]: entrant dans le répertoire « /home/s/segureta/Documents/M2-S1/Outils_info/Tp2.build/Eigen-prefix/src/Eigen-build/CMakeFiles/CMakeTmp »
/usr/bin/cmake -E cmake_progress_report /home/s/segureta/Documents/M2-S1/Outils_info/Tp2.build/Eigen-prefix/src/Eigen-build/CMakeFiles/CMakeTmp/CMakeFiles 1
Building CXX object CMakeFiles/cmTryCompileExec725621003.dir/CheckSymbolExists.cxx.o
/usr/bin/c++    -pedantic -Wall -Wextra -Wundef -Wcast-align -Wchar-subscripts -Wnon-virtual-dtor -Wunused-local-typedefs -Wpointer-arith -Wwrite-strings -Wformat-security -Wno-psabi -Wno-variadic-macros -Wno-long-long -fno-check-new -fno-common -fstrict-aliasing -ansi -O1 -g1  -I/usr/include/qt4    -o CMakeFiles/cmTryCompileExec725621003.dir/CheckSymbolExists.cxx.o -c /home/s/segureta/Documents/M2-S1/Outils_info/Tp2.build/Eigen-prefix/src/Eigen-build/CMakeFiles/CMakeTmp/CheckSymbolExists.cxx
/home/s/segureta/Documents/M2-S1/Outils_info/Tp2.build/Eigen-prefix/src/Eigen-build/CMakeFiles/CMakeTmp/CheckSymbolExists.cxx: In function ‘int main(int, char**)’:
/home/s/segureta/Documents/M2-S1/Outils_info/Tp2.build/Eigen-prefix/src/Eigen-build/CMakeFiles/CMakeTmp/CheckSymbolExists.cxx:8:19: error: ‘Q_WS_WIN’ was not declared in this scope
   return ((int*)(&Q_WS_WIN))[argc];
                   ^
make[4]: *** [CMakeFiles/cmTryCompileExec725621003.dir/CheckSymbolExists.cxx.o] Erreur 1
make[4]: quittant le répertoire « /home/s/segureta/Documents/M2-S1/Outils_info/Tp2.build/Eigen-prefix/src/Eigen-build/CMakeFiles/CMakeTmp »
make[3]: *** [cmTryCompileExec725621003/fast] Erreur 2
make[3]: quittant le répertoire « /home/s/segureta/Documents/M2-S1/Outils_info/Tp2.build/Eigen-prefix/src/Eigen-build/CMakeFiles/CMakeTmp »

File /home/s/segureta/Documents/M2-S1/Outils_info/Tp2.build/Eigen-prefix/src/Eigen-build/CMakeFiles/CMakeTmp/CheckSymbolExists.cxx:
/* */
#include <QtCore/qglobal.h>

int main(int argc, char** argv)
{
  (void)argv;
#ifndef Q_WS_WIN
  return ((int*)(&Q_WS_WIN))[argc];
#else
  (void)argc;
  return 0;
#endif
}

Determining if the Q_WS_QWS exist failed with the following output:
Change Dir: /home/s/segureta/Documents/M2-S1/Outils_info/Tp2.build/Eigen-prefix/src/Eigen-build/CMakeFiles/CMakeTmp

Run Build Command:/usr/bin/make "cmTryCompileExec3747539646/fast"
make[3]: entrant dans le répertoire « /home/s/segureta/Documents/M2-S1/Outils_info/Tp2.build/Eigen-prefix/src/Eigen-build/CMakeFiles/CMakeTmp »
/usr/bin/make -f CMakeFiles/cmTryCompileExec3747539646.dir/build.make CMakeFiles/cmTryCompileExec3747539646.dir/build
make[4]: entrant dans le répertoire « /home/s/segureta/Documents/M2-S1/Outils_info/Tp2.build/Eigen-prefix/src/Eigen-build/CMakeFiles/CMakeTmp »
/usr/bin/cmake -E cmake_progress_report /home/s/segureta/Documents/M2-S1/Outils_info/Tp2.build/Eigen-prefix/src/Eigen-build/CMakeFiles/CMakeTmp/CMakeFiles 1
Building CXX object CMakeFiles/cmTryCompileExec3747539646.dir/CheckSymbolExists.cxx.o
/usr/bin/c++    -pedantic -Wall -Wextra -Wundef -Wcast-align -Wchar-subscripts -Wnon-virtual-dtor -Wunused-local-typedefs -Wpointer-arith -Wwrite-strings -Wformat-security -Wno-psabi -Wno-variadic-macros -Wno-long-long -fno-check-new -fno-common -fstrict-aliasing -ansi -O1 -g1  -I/usr/include/qt4    -o CMakeFiles/cmTryCompileExec3747539646.dir/CheckSymbolExists.cxx.o -c /home/s/segureta/Documents/M2-S1/Outils_info/Tp2.build/Eigen-prefix/src/Eigen-build/CMakeFiles/CMakeTmp/CheckSymbolExists.cxx
/home/s/segureta/Documents/M2-S1/Outils_info/Tp2.build/Eigen-prefix/src/Eigen-build/CMakeFiles/CMakeTmp/CheckSymbolExists.cxx: In function ‘int main(int, char**)’:
/home/s/segureta/Documents/M2-S1/Outils_info/Tp2.build/Eigen-prefix/src/Eigen-build/CMakeFiles/CMakeTmp/CheckSymbolExists.cxx:8:19: error: ‘Q_WS_QWS’ was not declared in this scope
   return ((int*)(&Q_WS_QWS))[argc];
                   ^
make[4]: *** [CMakeFiles/cmTryCompileExec3747539646.dir/CheckSymbolExists.cxx.o] Erreur 1
make[4]: quittant le répertoire « /home/s/segureta/Documents/M2-S1/Outils_info/Tp2.build/Eigen-prefix/src/Eigen-build/CMakeFiles/CMakeTmp »
make[3]: *** [cmTryCompileExec3747539646/fast] Erreur 2
make[3]: quittant le répertoire « /home/s/segureta/Documents/M2-S1/Outils_info/Tp2.build/Eigen-prefix/src/Eigen-build/CMakeFiles/CMakeTmp »

File /home/s/segureta/Documents/M2-S1/Outils_info/Tp2.build/Eigen-prefix/src/Eigen-build/CMakeFiles/CMakeTmp/CheckSymbolExists.cxx:
/* */
#include <QtCore/qglobal.h>

int main(int argc, char** argv)
{
  (void)argv;
#ifndef Q_WS_QWS
  return ((int*)(&Q_WS_QWS))[argc];
#else
  (void)argc;
  return 0;
#endif
}

Determining if the Q_WS_MAC exist failed with the following output:
Change Dir: /home/s/segureta/Documents/M2-S1/Outils_info/Tp2.build/Eigen-prefix/src/Eigen-build/CMakeFiles/CMakeTmp

Run Build Command:/usr/bin/make "cmTryCompileExec1842285795/fast"
make[3]: entrant dans le répertoire « /home/s/segureta/Documents/M2-S1/Outils_info/Tp2.build/Eigen-prefix/src/Eigen-build/CMakeFiles/CMakeTmp »
/usr/bin/make -f CMakeFiles/cmTryCompileExec1842285795.dir/build.make CMakeFiles/cmTryCompileExec1842285795.dir/build
make[4]: entrant dans le répertoire « /home/s/segureta/Documents/M2-S1/Outils_info/Tp2.build/Eigen-prefix/src/Eigen-build/CMakeFiles/CMakeTmp »
/usr/bin/cmake -E cmake_progress_report /home/s/segureta/Documents/M2-S1/Outils_info/Tp2.build/Eigen-prefix/src/Eigen-build/CMakeFiles/CMakeTmp/CMakeFiles 1
Building CXX object CMakeFiles/cmTryCompileExec1842285795.dir/CheckSymbolExists.cxx.o
/usr/bin/c++    -pedantic -Wall -Wextra -Wundef -Wcast-align -Wchar-subscripts -Wnon-virtual-dtor -Wunused-local-typedefs -Wpointer-arith -Wwrite-strings -Wformat-security -Wno-psabi -Wno-variadic-macros -Wno-long-long -fno-check-new -fno-common -fstrict-aliasing -ansi -O1 -g1  -I/usr/include/qt4    -o CMakeFiles/cmTryCompileExec1842285795.dir/CheckSymbolExists.cxx.o -c /home/s/segureta/Documents/M2-S1/Outils_info/Tp2.build/Eigen-prefix/src/Eigen-build/CMakeFiles/CMakeTmp/CheckSymbolExists.cxx
/home/s/segureta/Documents/M2-S1/Outils_info/Tp2.build/Eigen-prefix/src/Eigen-build/CMakeFiles/CMakeTmp/CheckSymbolExists.cxx: In function ‘int main(int, char**)’:
/home/s/segureta/Documents/M2-S1/Outils_info/Tp2.build/Eigen-prefix/src/Eigen-build/CMakeFiles/CMakeTmp/CheckSymbolExists.cxx:8:19: error: ‘Q_WS_MAC’ was not declared in this scope
   return ((int*)(&Q_WS_MAC))[argc];
                   ^
make[4]: *** [CMakeFiles/cmTryCompileExec1842285795.dir/CheckSymbolExists.cxx.o] Erreur 1
make[4]: quittant le répertoire « /home/s/segureta/Documents/M2-S1/Outils_info/Tp2.build/Eigen-prefix/src/Eigen-build/CMakeFiles/CMakeTmp »
make[3]: *** [cmTryCompileExec1842285795/fast] Erreur 2
make[3]: quittant le répertoire « /home/s/segureta/Documents/M2-S1/Outils_info/Tp2.build/Eigen-prefix/src/Eigen-build/CMakeFiles/CMakeTmp »

File /home/s/segureta/Documents/M2-S1/Outils_info/Tp2.build/Eigen-prefix/src/Eigen-build/CMakeFiles/CMakeTmp/CheckSymbolExists.cxx:
/* */
#include <QtCore/qglobal.h>

int main(int argc, char** argv)
{
  (void)argv;
#ifndef Q_WS_MAC
  return ((int*)(&Q_WS_MAC))[argc];
#else
  (void)argc;
  return 0;
#endif
}

Determining if the pthread_create exist failed with the following output:
Change Dir: /home/s/segureta/Documents/M2-S1/Outils_info/Tp2.build/Eigen-prefix/src/Eigen-build/CMakeFiles/CMakeTmp

Run Build Command:/usr/bin/make "cmTryCompileExec4216959555/fast"
make[3]: entrant dans le répertoire « /home/s/segureta/Documents/M2-S1/Outils_info/Tp2.build/Eigen-prefix/src/Eigen-build/CMakeFiles/CMakeTmp »
/usr/bin/make -f CMakeFiles/cmTryCompileExec4216959555.dir/build.make CMakeFiles/cmTryCompileExec4216959555.dir/build
make[4]: entrant dans le répertoire « /home/s/segureta/Documents/M2-S1/Outils_info/Tp2.build/Eigen-prefix/src/Eigen-build/CMakeFiles/CMakeTmp »
/usr/bin/cmake -E cmake_progress_report /home/s/segureta/Documents/M2-S1/Outils_info/Tp2.build/Eigen-prefix/src/Eigen-build/CMakeFiles/CMakeTmp/CMakeFiles 1
Building C object CMakeFiles/cmTryCompileExec4216959555.dir/CheckSymbolExists.c.o
/usr/bin/cc    -o CMakeFiles/cmTryCompileExec4216959555.dir/CheckSymbolExists.c.o   -c /home/s/segureta/Documents/M2-S1/Outils_info/Tp2.build/Eigen-prefix/src/Eigen-build/CMakeFiles/CMakeTmp/CheckSymbolExists.c
Linking C executable cmTryCompileExec4216959555
/usr/bin/cmake -E cmake_link_script CMakeFiles/cmTryCompileExec4216959555.dir/link.txt --verbose=1
/usr/bin/cc       CMakeFiles/cmTryCompileExec4216959555.dir/CheckSymbolExists.c.o  -o cmTryCompileExec4216959555 -rdynamic 
CMakeFiles/cmTryCompileExec4216959555.dir/CheckSymbolExists.c.o: dans la fonction « main »:
CheckSymbolExists.c:(.text+0x16): référence indéfinie vers « pthread_create »
collect2: error: ld returned 1 exit status
make[4]: *** [cmTryCompileExec4216959555] Erreur 1
make[4]: quittant le répertoire « /home/s/segureta/Documents/M2-S1/Outils_info/Tp2.build/Eigen-prefix/src/Eigen-build/CMakeFiles/CMakeTmp »
make[3]: *** [cmTryCompileExec4216959555/fast] Erreur 2
make[3]: quittant le répertoire « /home/s/segureta/Documents/M2-S1/Outils_info/Tp2.build/Eigen-prefix/src/Eigen-build/CMakeFiles/CMakeTmp »

File /home/s/segureta/Documents/M2-S1/Outils_info/Tp2.build/Eigen-prefix/src/Eigen-build/CMakeFiles/CMakeTmp/CheckSymbolExists.c:
/* */
#include <pthread.h>

int main(int argc, char** argv)
{
  (void)argv;
#ifndef pthread_create
  return ((int*)(&pthread_create))[argc];
#else
  (void)argc;
  return 0;
#endif
}

Determining if the function pthread_create exists in the pthreads failed with the following output:
Change Dir: /home/s/segureta/Documents/M2-S1/Outils_info/Tp2.build/Eigen-prefix/src/Eigen-build/CMakeFiles/CMakeTmp

Run Build Command:/usr/bin/make "cmTryCompileExec775754102/fast"
make[3]: entrant dans le répertoire « /home/s/segureta/Documents/M2-S1/Outils_info/Tp2.build/Eigen-prefix/src/Eigen-build/CMakeFiles/CMakeTmp »
/usr/bin/make -f CMakeFiles/cmTryCompileExec775754102.dir/build.make CMakeFiles/cmTryCompileExec775754102.dir/build
make[4]: entrant dans le répertoire « /home/s/segureta/Documents/M2-S1/Outils_info/Tp2.build/Eigen-prefix/src/Eigen-build/CMakeFiles/CMakeTmp »
/usr/bin/cmake -E cmake_progress_report /home/s/segureta/Documents/M2-S1/Outils_info/Tp2.build/Eigen-prefix/src/Eigen-build/CMakeFiles/CMakeTmp/CMakeFiles 1
Building C object CMakeFiles/cmTryCompileExec775754102.dir/CheckFunctionExists.c.o
/usr/bin/cc   -DCHECK_FUNCTION_EXISTS=pthread_create   -o CMakeFiles/cmTryCompileExec775754102.dir/CheckFunctionExists.c.o   -c /usr/share/cmake-2.8/Modules/CheckFunctionExists.c
Linking C executable cmTryCompileExec775754102
/usr/bin/cmake -E cmake_link_script CMakeFiles/cmTryCompileExec775754102.dir/link.txt --verbose=1
/usr/bin/cc   -DCHECK_FUNCTION_EXISTS=pthread_create    CMakeFiles/cmTryCompileExec775754102.dir/CheckFunctionExists.c.o  -o cmTryCompileExec775754102 -rdynamic -lpthreads 
/usr/bin/ld: ne peut trouver -lpthreads
collect2: error: ld returned 1 exit status
make[4]: *** [cmTryCompileExec775754102] Erreur 1
make[4]: quittant le répertoire « /home/s/segureta/Documents/M2-S1/Outils_info/Tp2.build/Eigen-prefix/src/Eigen-build/CMakeFiles/CMakeTmp »
make[3]: *** [cmTryCompileExec775754102/fast] Erreur 2
make[3]: quittant le répertoire « /home/s/segureta/Documents/M2-S1/Outils_info/Tp2.build/Eigen-prefix/src/Eigen-build/CMakeFiles/CMakeTmp »


